
state 0
	$accept: .program $end 
	program: .    (1)

	SELECT  shift 6
	.  reduce 1 (src line 90)

	program  goto 1
	statement  goto 2
	expression  goto 3
	select_query  goto 4
	select_clause  goto 5

state 1
	$accept:  program.$end 

	$end  accept
	.  error


state 2
	program:  statement.program 
	program: .    (1)

	SELECT  shift 6
	.  reduce 1 (src line 90)

	program  goto 7
	statement  goto 2
	expression  goto 3
	select_query  goto 4
	select_clause  goto 5

state 3
	statement:  expression.statement_terminal 
	statement_terminal: .    (124)

	';'  shift 9
	.  reduce 124 (src line 709)

	statement_terminal  goto 8

state 4
	expression:  select_query.    (4)

	.  reduce 4 (src line 108)


state 5
	select_query:  select_clause.from_clause where_clause group_by_clause having_clause order_by_clause limit_clause 
	from_clause: .    (7)

	FROM  shift 11
	.  reduce 7 (src line 134)

	from_clause  goto 10

state 6
	select_clause:  SELECT.distinct fields 
	distinct: .    (112)

	DISTINCT  shift 13
	.  reduce 112 (src line 651)

	distinct  goto 12

state 7
	program:  statement program.    (2)

	.  reduce 2 (src line 96)


state 8
	statement:  expression statement_terminal.    (3)

	.  reduce 3 (src line 102)


state 9
	statement_terminal:  ';'.    (125)

	.  reduce 125 (src line 714)


state 10
	select_query:  select_clause from_clause.where_clause group_by_clause having_clause order_by_clause limit_clause 
	where_clause: .    (10)

	WHERE  shift 15
	.  reduce 10 (src line 148)

	where_clause  goto 14

state 11
	from_clause:  FROM.DUAL 
	from_clause:  FROM.tables 

	IDENTIFIER  shift 22
	DUAL  shift 16
	'('  shift 23
	.  error

	subquery  goto 20
	table  goto 18
	join  goto 21
	tables  goto 17
	identifier  goto 19

state 12
	select_clause:  SELECT distinct.fields 

	IDENTIFIER  shift 22
	STRING  shift 49
	INTEGER  shift 50
	FLOAT  shift 52
	TERNARY  shift 53
	DATETIME  shift 46
	EXISTS  shift 39
	NOT  shift 40
	NULL  shift 54
	CASE  shift 48
	'-'  shift 51
	'*'  shift 28
	'('  shift 32
	.  error

	primary  goto 33
	value  goto 29
	subquery  goto 36
	string_operation  goto 35
	comparison  goto 30
	arithmetic  goto 34
	logic  goto 31
	filter  goto 27
	function  goto 37
	field_object  goto 26
	field  goto 25
	case  goto 38
	fields  goto 24
	identifier  goto 41
	text  goto 42
	integer  goto 43
	float  goto 44
	ternary  goto 45
	null  goto 47

state 13
	distinct:  DISTINCT.    (113)

	.  reduce 113 (src line 656)


state 14
	select_query:  select_clause from_clause where_clause.group_by_clause having_clause order_by_clause limit_clause 
	group_by_clause: .    (12)

	GROUP  shift 56
	.  reduce 12 (src line 158)

	group_by_clause  goto 55

state 15
	where_clause:  WHERE.filter 

	IDENTIFIER  shift 22
	STRING  shift 49
	INTEGER  shift 50
	FLOAT  shift 52
	TERNARY  shift 53
	DATETIME  shift 46
	EXISTS  shift 39
	NOT  shift 40
	NULL  shift 54
	CASE  shift 48
	'-'  shift 51
	'('  shift 32
	.  error

	primary  goto 33
	value  goto 29
	subquery  goto 36
	string_operation  goto 35
	comparison  goto 30
	arithmetic  goto 34
	logic  goto 31
	filter  goto 57
	function  goto 37
	case  goto 38
	identifier  goto 41
	text  goto 42
	integer  goto 43
	float  goto 44
	ternary  goto 45
	null  goto 47

state 16
	from_clause:  FROM DUAL.    (8)

	.  reduce 8 (src line 139)


state 17
	from_clause:  FROM tables.    (9)

	.  reduce 9 (src line 143)


 18: reduce/reduce conflict  (red'ns 116 and 120) on JOIN
state 18
	join:  table.join_inner JOIN table join_condition 
	join:  table.NATURAL join_inner JOIN table 
	join:  table.join_direction join_outer JOIN table join_condition 
	join:  table.NATURAL join_direction join_outer JOIN table 
	join:  table.CROSS JOIN table 
	tables:  table.    (96)
	tables:  table.',' tables 
	join_inner: .    (116)
	join_direction: .    (120)

	JOIN  reduce 116 (src line 671)
	INNER  shift 63
	OUTER  reduce 120 (src line 691)
	LEFT  shift 64
	RIGHT  shift 65
	FULL  shift 66
	CROSS  shift 61
	NATURAL  shift 59
	','  shift 62
	.  reduce 96 (src line 565)

	join_inner  goto 58
	join_direction  goto 60

state 19
	table:  identifier.    (66)
	table:  identifier.identifier 
	table:  identifier.AS identifier 

	IDENTIFIER  shift 22
	AS  shift 68
	.  reduce 66 (src line 423)

	identifier  goto 67

state 20
	table:  subquery.    (69)
	table:  subquery.identifier 
	table:  subquery.AS identifier 

	IDENTIFIER  shift 22
	AS  shift 70
	.  reduce 69 (src line 436)

	identifier  goto 69

state 21
	table:  join.    (72)

	.  reduce 72 (src line 448)


state 22
	identifier:  IDENTIFIER.    (104)

	.  reduce 104 (src line 605)


state 23
	subquery:  '('.select_query ')' 

	SELECT  shift 6
	.  error

	select_query  goto 71
	select_clause  goto 5

state 24
	select_clause:  SELECT distinct fields.    (6)

	.  reduce 6 (src line 128)


state 25
	fields:  field.    (100)
	fields:  field.',' fields 

	','  shift 72
	.  reduce 100 (src line 585)


state 26
	field:  field_object.    (83)
	field:  field_object.AS identifier 

	AS  shift 73
	.  reduce 83 (src line 499)


state 27
	logic:  filter.OR filter 
	logic:  filter.AND filter 
	field_object:  filter.    (81)

	AND  shift 75
	OR  shift 74
	.  reduce 81 (src line 489)


state 28
	field_object:  '*'.    (82)

	.  reduce 82 (src line 494)


state 29
	string_operation:  value.STRING_OP value 
	comparison:  value.COMPARISON_OP value 
	comparison:  value.IS negation ternary 
	comparison:  value.IS negation null 
	comparison:  value.negation BETWEEN value AND value 
	comparison:  value.negation IN '(' values ')' 
	comparison:  value.negation IN subquery 
	comparison:  value.negation LIKE value 
	comparison:  value.COMPARISON_OP ANY subquery 
	comparison:  value.COMPARISON_OP ALL subquery 
	arithmetic:  value.'+' value 
	arithmetic:  value.'-' value 
	arithmetic:  value.'*' value 
	arithmetic:  value.'/' value 
	arithmetic:  value.'%' value 
	filter:  value.    (58)
	negation: .    (114)

	IN  reduce 114 (src line 661)
	NOT  shift 85
	BETWEEN  reduce 114 (src line 661)
	LIKE  reduce 114 (src line 661)
	IS  shift 78
	COMPARISON_OP  shift 77
	STRING_OP  shift 76
	'+'  shift 80
	'-'  shift 81
	'*'  shift 82
	'/'  shift 83
	'%'  shift 84
	.  reduce 58 (src line 385)

	negation  goto 79

state 30
	filter:  comparison.    (59)

	.  reduce 59 (src line 390)


state 31
	filter:  logic.    (60)

	.  reduce 60 (src line 394)


state 32
	value:  '('.value ')' 
	subquery:  '('.select_query ')' 
	filter:  '('.filter ')' 

	IDENTIFIER  shift 22
	STRING  shift 49
	INTEGER  shift 50
	FLOAT  shift 52
	TERNARY  shift 53
	DATETIME  shift 46
	SELECT  shift 6
	EXISTS  shift 39
	NOT  shift 40
	NULL  shift 54
	CASE  shift 48
	'-'  shift 51
	'('  shift 32
	.  error

	select_query  goto 71
	select_clause  goto 5
	primary  goto 33
	value  goto 86
	subquery  goto 36
	string_operation  goto 35
	comparison  goto 30
	arithmetic  goto 34
	logic  goto 31
	filter  goto 87
	function  goto 37
	case  goto 38
	identifier  goto 41
	text  goto 42
	integer  goto 43
	float  goto 44
	ternary  goto 45
	null  goto 47

state 33
	value:  primary.    (27)

	.  reduce 27 (src line 228)


state 34
	value:  arithmetic.    (28)

	.  reduce 28 (src line 233)


state 35
	value:  string_operation.    (29)

	.  reduce 29 (src line 237)


state 36
	value:  subquery.    (30)

	.  reduce 30 (src line 241)


state 37
	value:  function.    (31)

	.  reduce 31 (src line 245)


state 38
	value:  case.    (32)

	.  reduce 32 (src line 249)


state 39
	comparison:  EXISTS.subquery 

	'('  shift 23
	.  error

	subquery  goto 88

state 40
	logic:  NOT.filter 

	IDENTIFIER  shift 22
	STRING  shift 49
	INTEGER  shift 50
	FLOAT  shift 52
	TERNARY  shift 53
	DATETIME  shift 46
	EXISTS  shift 39
	NOT  shift 40
	NULL  shift 54
	CASE  shift 48
	'-'  shift 51
	'('  shift 32
	.  error

	primary  goto 33
	value  goto 29
	subquery  goto 36
	string_operation  goto 35
	comparison  goto 30
	arithmetic  goto 34
	logic  goto 31
	filter  goto 89
	function  goto 37
	case  goto 38
	identifier  goto 41
	text  goto 42
	integer  goto 43
	float  goto 44
	ternary  goto 45
	null  goto 47

state 41
	primary:  identifier.    (20)
	function:  identifier.'(' option ')' 

	'('  shift 90
	.  reduce 20 (src line 198)


state 42
	primary:  text.    (21)

	.  reduce 21 (src line 203)


state 43
	primary:  integer.    (22)

	.  reduce 22 (src line 207)


state 44
	primary:  float.    (23)

	.  reduce 23 (src line 211)


state 45
	primary:  ternary.    (24)

	.  reduce 24 (src line 215)


state 46
	primary:  DATETIME.    (25)

	.  reduce 25 (src line 219)


state 47
	primary:  null.    (26)

	.  reduce 26 (src line 223)


state 48
	case:  CASE.case_value case_when case_else END 
	case_value: .    (86)

	IDENTIFIER  shift 22
	STRING  shift 49
	INTEGER  shift 50
	FLOAT  shift 52
	TERNARY  shift 53
	DATETIME  shift 46
	NULL  shift 54
	CASE  shift 48
	'-'  shift 51
	'('  shift 93
	.  reduce 86 (src line 515)

	primary  goto 33
	value  goto 92
	subquery  goto 36
	string_operation  goto 35
	arithmetic  goto 34
	function  goto 37
	case  goto 38
	case_value  goto 91
	identifier  goto 41
	text  goto 42
	integer  goto 43
	float  goto 44
	ternary  goto 45
	null  goto 47

state 49
	text:  STRING.    (105)

	.  reduce 105 (src line 611)


state 50
	integer:  INTEGER.    (106)

	.  reduce 106 (src line 617)


state 51
	integer:  '-'.integer 
	float:  '-'.float 

	INTEGER  shift 50
	FLOAT  shift 52
	'-'  shift 51
	.  error

	integer  goto 94
	float  goto 95

state 52
	float:  FLOAT.    (108)

	.  reduce 108 (src line 628)


state 53
	ternary:  TERNARY.    (110)

	.  reduce 110 (src line 639)


state 54
	null:  NULL.    (111)

	.  reduce 111 (src line 645)


state 55
	select_query:  select_clause from_clause where_clause group_by_clause.having_clause order_by_clause limit_clause 
	having_clause: .    (14)

	HAVING  shift 97
	.  reduce 14 (src line 168)

	having_clause  goto 96

state 56
	group_by_clause:  GROUP.BY values 

	BY  shift 98
	.  error


state 57
	where_clause:  WHERE filter.    (11)
	logic:  filter.OR filter 
	logic:  filter.AND filter 

	AND  shift 75
	OR  shift 74
	.  reduce 11 (src line 153)


state 58
	join:  table join_inner.JOIN table join_condition 

	JOIN  shift 99
	.  error


 59: reduce/reduce conflict  (red'ns 116 and 120) on JOIN
state 59
	join:  table NATURAL.join_inner JOIN table 
	join:  table NATURAL.join_direction join_outer JOIN table 
	join_inner: .    (116)
	join_direction: .    (120)

	INNER  shift 63
	OUTER  reduce 120 (src line 691)
	LEFT  shift 64
	RIGHT  shift 65
	FULL  shift 66
	.  reduce 116 (src line 671)

	join_inner  goto 100
	join_direction  goto 101

state 60
	join:  table join_direction.join_outer JOIN table join_condition 
	join_outer: .    (118)

	OUTER  shift 103
	.  reduce 118 (src line 681)

	join_outer  goto 102

state 61
	join:  table CROSS.JOIN table 

	JOIN  shift 104
	.  error


state 62
	tables:  table ','.tables 

	IDENTIFIER  shift 22
	'('  shift 23
	.  error

	subquery  goto 20
	table  goto 18
	join  goto 21
	tables  goto 105
	identifier  goto 19

state 63
	join_inner:  INNER.    (117)

	.  reduce 117 (src line 676)


state 64
	join_direction:  LEFT.    (121)

	.  reduce 121 (src line 696)


state 65
	join_direction:  RIGHT.    (122)

	.  reduce 122 (src line 700)


state 66
	join_direction:  FULL.    (123)

	.  reduce 123 (src line 704)


state 67
	table:  identifier identifier.    (67)

	.  reduce 67 (src line 428)


state 68
	table:  identifier AS.identifier 

	IDENTIFIER  shift 22
	.  error

	identifier  goto 106

state 69
	table:  subquery identifier.    (70)

	.  reduce 70 (src line 440)


state 70
	table:  subquery AS.identifier 

	IDENTIFIER  shift 22
	.  error

	identifier  goto 107

state 71
	subquery:  '(' select_query.')' 

	')'  shift 108
	.  error


state 72
	fields:  field ','.fields 

	IDENTIFIER  shift 22
	STRING  shift 49
	INTEGER  shift 50
	FLOAT  shift 52
	TERNARY  shift 53
	DATETIME  shift 46
	EXISTS  shift 39
	NOT  shift 40
	NULL  shift 54
	CASE  shift 48
	'-'  shift 51
	'*'  shift 28
	'('  shift 32
	.  error

	primary  goto 33
	value  goto 29
	subquery  goto 36
	string_operation  goto 35
	comparison  goto 30
	arithmetic  goto 34
	logic  goto 31
	filter  goto 27
	function  goto 37
	field_object  goto 26
	field  goto 25
	case  goto 38
	fields  goto 109
	identifier  goto 41
	text  goto 42
	integer  goto 43
	float  goto 44
	ternary  goto 45
	null  goto 47

state 73
	field:  field_object AS.identifier 

	IDENTIFIER  shift 22
	.  error

	identifier  goto 110

state 74
	logic:  filter OR.filter 

	IDENTIFIER  shift 22
	STRING  shift 49
	INTEGER  shift 50
	FLOAT  shift 52
	TERNARY  shift 53
	DATETIME  shift 46
	EXISTS  shift 39
	NOT  shift 40
	NULL  shift 54
	CASE  shift 48
	'-'  shift 51
	'('  shift 32
	.  error

	primary  goto 33
	value  goto 29
	subquery  goto 36
	string_operation  goto 35
	comparison  goto 30
	arithmetic  goto 34
	logic  goto 31
	filter  goto 111
	function  goto 37
	case  goto 38
	identifier  goto 41
	text  goto 42
	integer  goto 43
	float  goto 44
	ternary  goto 45
	null  goto 47

state 75
	logic:  filter AND.filter 

	IDENTIFIER  shift 22
	STRING  shift 49
	INTEGER  shift 50
	FLOAT  shift 52
	TERNARY  shift 53
	DATETIME  shift 46
	EXISTS  shift 39
	NOT  shift 40
	NULL  shift 54
	CASE  shift 48
	'-'  shift 51
	'('  shift 32
	.  error

	primary  goto 33
	value  goto 29
	subquery  goto 36
	string_operation  goto 35
	comparison  goto 30
	arithmetic  goto 34
	logic  goto 31
	filter  goto 112
	function  goto 37
	case  goto 38
	identifier  goto 41
	text  goto 42
	integer  goto 43
	float  goto 44
	ternary  goto 45
	null  goto 47

state 76
	string_operation:  value STRING_OP.value 

	IDENTIFIER  shift 22
	STRING  shift 49
	INTEGER  shift 50
	FLOAT  shift 52
	TERNARY  shift 53
	DATETIME  shift 46
	NULL  shift 54
	CASE  shift 48
	'-'  shift 51
	'('  shift 93
	.  error

	primary  goto 33
	value  goto 113
	subquery  goto 36
	string_operation  goto 35
	arithmetic  goto 34
	function  goto 37
	case  goto 38
	identifier  goto 41
	text  goto 42
	integer  goto 43
	float  goto 44
	ternary  goto 45
	null  goto 47

state 77
	comparison:  value COMPARISON_OP.value 
	comparison:  value COMPARISON_OP.ANY subquery 
	comparison:  value COMPARISON_OP.ALL subquery 

	IDENTIFIER  shift 22
	STRING  shift 49
	INTEGER  shift 50
	FLOAT  shift 52
	TERNARY  shift 53
	DATETIME  shift 46
	ALL  shift 116
	ANY  shift 115
	NULL  shift 54
	CASE  shift 48
	'-'  shift 51
	'('  shift 93
	.  error

	primary  goto 33
	value  goto 114
	subquery  goto 36
	string_operation  goto 35
	arithmetic  goto 34
	function  goto 37
	case  goto 38
	identifier  goto 41
	text  goto 42
	integer  goto 43
	float  goto 44
	ternary  goto 45
	null  goto 47

state 78
	comparison:  value IS.negation ternary 
	comparison:  value IS.negation null 
	negation: .    (114)

	NOT  shift 85
	.  reduce 114 (src line 661)

	negation  goto 117

state 79
	comparison:  value negation.BETWEEN value AND value 
	comparison:  value negation.IN '(' values ')' 
	comparison:  value negation.IN subquery 
	comparison:  value negation.LIKE value 

	IN  shift 119
	BETWEEN  shift 118
	LIKE  shift 120
	.  error


state 80
	arithmetic:  value '+'.value 

	IDENTIFIER  shift 22
	STRING  shift 49
	INTEGER  shift 50
	FLOAT  shift 52
	TERNARY  shift 53
	DATETIME  shift 46
	NULL  shift 54
	CASE  shift 48
	'-'  shift 51
	'('  shift 93
	.  error

	primary  goto 33
	value  goto 121
	subquery  goto 36
	string_operation  goto 35
	arithmetic  goto 34
	function  goto 37
	case  goto 38
	identifier  goto 41
	text  goto 42
	integer  goto 43
	float  goto 44
	ternary  goto 45
	null  goto 47

state 81
	arithmetic:  value '-'.value 

	IDENTIFIER  shift 22
	STRING  shift 49
	INTEGER  shift 50
	FLOAT  shift 52
	TERNARY  shift 53
	DATETIME  shift 46
	NULL  shift 54
	CASE  shift 48
	'-'  shift 51
	'('  shift 93
	.  error

	primary  goto 33
	value  goto 122
	subquery  goto 36
	string_operation  goto 35
	arithmetic  goto 34
	function  goto 37
	case  goto 38
	identifier  goto 41
	text  goto 42
	integer  goto 43
	float  goto 44
	ternary  goto 45
	null  goto 47

state 82
	arithmetic:  value '*'.value 

	IDENTIFIER  shift 22
	STRING  shift 49
	INTEGER  shift 50
	FLOAT  shift 52
	TERNARY  shift 53
	DATETIME  shift 46
	NULL  shift 54
	CASE  shift 48
	'-'  shift 51
	'('  shift 93
	.  error

	primary  goto 33
	value  goto 123
	subquery  goto 36
	string_operation  goto 35
	arithmetic  goto 34
	function  goto 37
	case  goto 38
	identifier  goto 41
	text  goto 42
	integer  goto 43
	float  goto 44
	ternary  goto 45
	null  goto 47

state 83
	arithmetic:  value '/'.value 

	IDENTIFIER  shift 22
	STRING  shift 49
	INTEGER  shift 50
	FLOAT  shift 52
	TERNARY  shift 53
	DATETIME  shift 46
	NULL  shift 54
	CASE  shift 48
	'-'  shift 51
	'('  shift 93
	.  error

	primary  goto 33
	value  goto 124
	subquery  goto 36
	string_operation  goto 35
	arithmetic  goto 34
	function  goto 37
	case  goto 38
	identifier  goto 41
	text  goto 42
	integer  goto 43
	float  goto 44
	ternary  goto 45
	null  goto 47

state 84
	arithmetic:  value '%'.value 

	IDENTIFIER  shift 22
	STRING  shift 49
	INTEGER  shift 50
	FLOAT  shift 52
	TERNARY  shift 53
	DATETIME  shift 46
	NULL  shift 54
	CASE  shift 48
	'-'  shift 51
	'('  shift 93
	.  error

	primary  goto 33
	value  goto 125
	subquery  goto 36
	string_operation  goto 35
	arithmetic  goto 34
	function  goto 37
	case  goto 38
	identifier  goto 41
	text  goto 42
	integer  goto 43
	float  goto 44
	ternary  goto 45
	null  goto 47

state 85
	negation:  NOT.    (115)

	.  reduce 115 (src line 666)


86: shift/reduce conflict (shift 126(0), red'n 58(0)) on ')'
state 86
	value:  '(' value.')' 
	string_operation:  value.STRING_OP value 
	comparison:  value.COMPARISON_OP value 
	comparison:  value.IS negation ternary 
	comparison:  value.IS negation null 
	comparison:  value.negation BETWEEN value AND value 
	comparison:  value.negation IN '(' values ')' 
	comparison:  value.negation IN subquery 
	comparison:  value.negation LIKE value 
	comparison:  value.COMPARISON_OP ANY subquery 
	comparison:  value.COMPARISON_OP ALL subquery 
	arithmetic:  value.'+' value 
	arithmetic:  value.'-' value 
	arithmetic:  value.'*' value 
	arithmetic:  value.'/' value 
	arithmetic:  value.'%' value 
	filter:  value.    (58)
	negation: .    (114)

	AND  reduce 58 (src line 385)
	OR  reduce 58 (src line 385)
	NOT  shift 85
	IS  shift 78
	COMPARISON_OP  shift 77
	STRING_OP  shift 76
	'+'  shift 80
	'-'  shift 81
	'*'  shift 82
	'/'  shift 83
	')'  shift 126
	'%'  shift 84
	.  reduce 114 (src line 661)

	negation  goto 79

state 87
	logic:  filter.OR filter 
	logic:  filter.AND filter 
	filter:  '(' filter.')' 

	AND  shift 75
	OR  shift 74
	')'  shift 127
	.  error


state 88
	comparison:  EXISTS subquery.    (49)

	.  reduce 49 (src line 344)


state 89
	logic:  filter.OR filter 
	logic:  filter.AND filter 
	logic:  NOT filter.    (57)

	.  reduce 57 (src line 380)


state 90
	function:  identifier '('.option ')' 
	option: .    (63)
	distinct: .    (112)

	DISTINCT  shift 13
	')'  reduce 63 (src line 409)
	.  reduce 112 (src line 651)

	option  goto 128
	distinct  goto 129

state 91
	case:  CASE case_value.case_when case_else END 

	WHEN  shift 131
	.  error

	case_when  goto 130

state 92
	string_operation:  value.STRING_OP value 
	arithmetic:  value.'+' value 
	arithmetic:  value.'-' value 
	arithmetic:  value.'*' value 
	arithmetic:  value.'/' value 
	arithmetic:  value.'%' value 
	case_value:  value.    (87)

	STRING_OP  shift 76
	'+'  shift 80
	'-'  shift 81
	'*'  shift 82
	'/'  shift 83
	'%'  shift 84
	.  reduce 87 (src line 520)


state 93
	value:  '('.value ')' 
	subquery:  '('.select_query ')' 

	IDENTIFIER  shift 22
	STRING  shift 49
	INTEGER  shift 50
	FLOAT  shift 52
	TERNARY  shift 53
	DATETIME  shift 46
	SELECT  shift 6
	NULL  shift 54
	CASE  shift 48
	'-'  shift 51
	'('  shift 93
	.  error

	select_query  goto 71
	select_clause  goto 5
	primary  goto 33
	value  goto 132
	subquery  goto 36
	string_operation  goto 35
	arithmetic  goto 34
	function  goto 37
	case  goto 38
	identifier  goto 41
	text  goto 42
	integer  goto 43
	float  goto 44
	ternary  goto 45
	null  goto 47

state 94
	integer:  '-' integer.    (107)

	.  reduce 107 (src line 622)


state 95
	float:  '-' float.    (109)

	.  reduce 109 (src line 633)


state 96
	select_query:  select_clause from_clause where_clause group_by_clause having_clause.order_by_clause limit_clause 
	order_by_clause: .    (16)

	ORDER  shift 134
	.  reduce 16 (src line 178)

	order_by_clause  goto 133

state 97
	having_clause:  HAVING.filter 

	IDENTIFIER  shift 22
	STRING  shift 49
	INTEGER  shift 50
	FLOAT  shift 52
	TERNARY  shift 53
	DATETIME  shift 46
	EXISTS  shift 39
	NOT  shift 40
	NULL  shift 54
	CASE  shift 48
	'-'  shift 51
	'('  shift 32
	.  error

	primary  goto 33
	value  goto 29
	subquery  goto 36
	string_operation  goto 35
	comparison  goto 30
	arithmetic  goto 34
	logic  goto 31
	filter  goto 135
	function  goto 37
	case  goto 38
	identifier  goto 41
	text  goto 42
	integer  goto 43
	float  goto 44
	ternary  goto 45
	null  goto 47

state 98
	group_by_clause:  GROUP BY.values 

	IDENTIFIER  shift 22
	STRING  shift 49
	INTEGER  shift 50
	FLOAT  shift 52
	TERNARY  shift 53
	DATETIME  shift 46
	NULL  shift 54
	CASE  shift 48
	'-'  shift 51
	'('  shift 93
	.  error

	primary  goto 33
	value  goto 137
	subquery  goto 36
	string_operation  goto 35
	arithmetic  goto 34
	function  goto 37
	case  goto 38
	values  goto 136
	identifier  goto 41
	text  goto 42
	integer  goto 43
	float  goto 44
	ternary  goto 45
	null  goto 47

state 99
	join:  table join_inner JOIN.table join_condition 

	IDENTIFIER  shift 22
	'('  shift 23
	.  error

	subquery  goto 20
	table  goto 138
	join  goto 21
	identifier  goto 19

state 100
	join:  table NATURAL join_inner.JOIN table 

	JOIN  shift 139
	.  error


state 101
	join:  table NATURAL join_direction.join_outer JOIN table 
	join_outer: .    (118)

	OUTER  shift 103
	.  reduce 118 (src line 681)

	join_outer  goto 140

state 102
	join:  table join_direction join_outer.JOIN table join_condition 

	JOIN  shift 141
	.  error


state 103
	join_outer:  OUTER.    (119)

	.  reduce 119 (src line 686)


state 104
	join:  table CROSS JOIN.table 

	IDENTIFIER  shift 22
	'('  shift 23
	.  error

	subquery  goto 20
	table  goto 142
	join  goto 21
	identifier  goto 19

state 105
	tables:  table ',' tables.    (97)

	.  reduce 97 (src line 570)


state 106
	table:  identifier AS identifier.    (68)

	.  reduce 68 (src line 432)


state 107
	table:  subquery AS identifier.    (71)

	.  reduce 71 (src line 444)


state 108
	subquery:  '(' select_query ')'.    (38)

	.  reduce 38 (src line 278)


state 109
	fields:  field ',' fields.    (101)

	.  reduce 101 (src line 590)


state 110
	field:  field_object AS identifier.    (84)

	.  reduce 84 (src line 504)


state 111
	logic:  filter.OR filter 
	logic:  filter OR filter.    (55)
	logic:  filter.AND filter 

	AND  shift 75
	.  reduce 55 (src line 371)


state 112
	logic:  filter.OR filter 
	logic:  filter.AND filter 
	logic:  filter AND filter.    (56)

	.  reduce 56 (src line 376)


113: shift/reduce conflict (shift 84(0), red'n 39(4)) on '%'
state 113
	string_operation:  value.STRING_OP value 
	string_operation:  value STRING_OP value.    (39)
	arithmetic:  value.'+' value 
	arithmetic:  value.'-' value 
	arithmetic:  value.'*' value 
	arithmetic:  value.'/' value 
	arithmetic:  value.'%' value 

	'+'  shift 80
	'-'  shift 81
	'*'  shift 82
	'/'  shift 83
	'%'  shift 84
	.  reduce 39 (src line 284)


state 114
	string_operation:  value.STRING_OP value 
	comparison:  value COMPARISON_OP value.    (40)
	arithmetic:  value.'+' value 
	arithmetic:  value.'-' value 
	arithmetic:  value.'*' value 
	arithmetic:  value.'/' value 
	arithmetic:  value.'%' value 

	STRING_OP  shift 76
	'+'  shift 80
	'-'  shift 81
	'*'  shift 82
	'/'  shift 83
	'%'  shift 84
	.  reduce 40 (src line 307)


state 115
	comparison:  value COMPARISON_OP ANY.subquery 

	'('  shift 23
	.  error

	subquery  goto 143

state 116
	comparison:  value COMPARISON_OP ALL.subquery 

	'('  shift 23
	.  error

	subquery  goto 144

state 117
	comparison:  value IS negation.ternary 
	comparison:  value IS negation.null 

	TERNARY  shift 53
	NULL  shift 54
	.  error

	ternary  goto 145
	null  goto 146

state 118
	comparison:  value negation BETWEEN.value AND value 

	IDENTIFIER  shift 22
	STRING  shift 49
	INTEGER  shift 50
	FLOAT  shift 52
	TERNARY  shift 53
	DATETIME  shift 46
	NULL  shift 54
	CASE  shift 48
	'-'  shift 51
	'('  shift 93
	.  error

	primary  goto 33
	value  goto 147
	subquery  goto 36
	string_operation  goto 35
	arithmetic  goto 34
	function  goto 37
	case  goto 38
	identifier  goto 41
	text  goto 42
	integer  goto 43
	float  goto 44
	ternary  goto 45
	null  goto 47

state 119
	comparison:  value negation IN.'(' values ')' 
	comparison:  value negation IN.subquery 

	'('  shift 148
	.  error

	subquery  goto 149

state 120
	comparison:  value negation LIKE.value 

	IDENTIFIER  shift 22
	STRING  shift 49
	INTEGER  shift 50
	FLOAT  shift 52
	TERNARY  shift 53
	DATETIME  shift 46
	NULL  shift 54
	CASE  shift 48
	'-'  shift 51
	'('  shift 93
	.  error

	primary  goto 33
	value  goto 150
	subquery  goto 36
	string_operation  goto 35
	arithmetic  goto 34
	function  goto 37
	case  goto 38
	identifier  goto 41
	text  goto 42
	integer  goto 43
	float  goto 44
	ternary  goto 45
	null  goto 47

121: shift/reduce conflict (shift 84(0), red'n 50(5)) on '%'
state 121
	string_operation:  value.STRING_OP value 
	arithmetic:  value.'+' value 
	arithmetic:  value '+' value.    (50)
	arithmetic:  value.'-' value 
	arithmetic:  value.'*' value 
	arithmetic:  value.'/' value 
	arithmetic:  value.'%' value 

	'*'  shift 82
	'/'  shift 83
	'%'  shift 84
	.  reduce 50 (src line 349)


122: shift/reduce conflict (shift 84(0), red'n 51(5)) on '%'
state 122
	string_operation:  value.STRING_OP value 
	arithmetic:  value.'+' value 
	arithmetic:  value.'-' value 
	arithmetic:  value '-' value.    (51)
	arithmetic:  value.'*' value 
	arithmetic:  value.'/' value 
	arithmetic:  value.'%' value 

	'*'  shift 82
	'/'  shift 83
	'%'  shift 84
	.  reduce 51 (src line 354)


123: shift/reduce conflict (shift 84(0), red'n 52(6)) on '%'
state 123
	string_operation:  value.STRING_OP value 
	arithmetic:  value.'+' value 
	arithmetic:  value.'-' value 
	arithmetic:  value.'*' value 
	arithmetic:  value '*' value.    (52)
	arithmetic:  value.'/' value 
	arithmetic:  value.'%' value 

	'%'  shift 84
	.  reduce 52 (src line 358)


124: shift/reduce conflict (shift 84(0), red'n 53(6)) on '%'
state 124
	string_operation:  value.STRING_OP value 
	arithmetic:  value.'+' value 
	arithmetic:  value.'-' value 
	arithmetic:  value.'*' value 
	arithmetic:  value.'/' value 
	arithmetic:  value '/' value.    (53)
	arithmetic:  value.'%' value 

	'%'  shift 84
	.  reduce 53 (src line 362)


125: shift/reduce conflict (shift 76(4), red'n 54(0)) on STRING_OP
125: shift/reduce conflict (shift 80(5), red'n 54(0)) on '+'
125: shift/reduce conflict (shift 81(5), red'n 54(0)) on '-'
125: shift/reduce conflict (shift 82(6), red'n 54(0)) on '*'
125: shift/reduce conflict (shift 83(6), red'n 54(0)) on '/'
125: shift/reduce conflict (shift 84(0), red'n 54(0)) on '%'
state 125
	string_operation:  value.STRING_OP value 
	arithmetic:  value.'+' value 
	arithmetic:  value.'-' value 
	arithmetic:  value.'*' value 
	arithmetic:  value.'/' value 
	arithmetic:  value.'%' value 
	arithmetic:  value '%' value.    (54)

	STRING_OP  shift 76
	'+'  shift 80
	'-'  shift 81
	'*'  shift 82
	'/'  shift 83
	'%'  shift 84
	.  reduce 54 (src line 366)


state 126
	value:  '(' value ')'.    (33)

	.  reduce 33 (src line 253)


state 127
	filter:  '(' filter ')'.    (61)

	.  reduce 61 (src line 398)


state 128
	function:  identifier '(' option.')' 

	')'  shift 151
	.  error


state 129
	option:  distinct.'*' 
	option:  distinct.filters 

	IDENTIFIER  shift 22
	STRING  shift 49
	INTEGER  shift 50
	FLOAT  shift 52
	TERNARY  shift 53
	DATETIME  shift 46
	EXISTS  shift 39
	NOT  shift 40
	NULL  shift 54
	CASE  shift 48
	'-'  shift 51
	'*'  shift 152
	'('  shift 32
	.  error

	primary  goto 33
	value  goto 29
	subquery  goto 36
	string_operation  goto 35
	comparison  goto 30
	arithmetic  goto 34
	logic  goto 31
	filter  goto 154
	function  goto 37
	case  goto 38
	filters  goto 153
	identifier  goto 41
	text  goto 42
	integer  goto 43
	float  goto 44
	ternary  goto 45
	null  goto 47

state 130
	case:  CASE case_value case_when.case_else END 
	case_when:  case_when.case_when 
	case_else: .    (88)

	WHEN  shift 131
	ELSE  shift 157
	.  reduce 88 (src line 525)

	case_else  goto 155
	case_when  goto 156

state 131
	case_when:  WHEN.filter THEN value 

	IDENTIFIER  shift 22
	STRING  shift 49
	INTEGER  shift 50
	FLOAT  shift 52
	TERNARY  shift 53
	DATETIME  shift 46
	EXISTS  shift 39
	NOT  shift 40
	NULL  shift 54
	CASE  shift 48
	'-'  shift 51
	'('  shift 32
	.  error

	primary  goto 33
	value  goto 29
	subquery  goto 36
	string_operation  goto 35
	comparison  goto 30
	arithmetic  goto 34
	logic  goto 31
	filter  goto 158
	function  goto 37
	case  goto 38
	identifier  goto 41
	text  goto 42
	integer  goto 43
	float  goto 44
	ternary  goto 45
	null  goto 47

state 132
	value:  '(' value.')' 
	string_operation:  value.STRING_OP value 
	arithmetic:  value.'+' value 
	arithmetic:  value.'-' value 
	arithmetic:  value.'*' value 
	arithmetic:  value.'/' value 
	arithmetic:  value.'%' value 

	STRING_OP  shift 76
	'+'  shift 80
	'-'  shift 81
	'*'  shift 82
	'/'  shift 83
	')'  shift 126
	'%'  shift 84
	.  error


state 133
	select_query:  select_clause from_clause where_clause group_by_clause having_clause order_by_clause.limit_clause 
	limit_clause: .    (18)

	LIMIT  shift 160
	.  reduce 18 (src line 188)

	limit_clause  goto 159

state 134
	order_by_clause:  ORDER.BY order_items 

	BY  shift 161
	.  error


state 135
	having_clause:  HAVING filter.    (15)
	logic:  filter.OR filter 
	logic:  filter.AND filter 

	AND  shift 75
	OR  shift 74
	.  reduce 15 (src line 173)


state 136
	group_by_clause:  GROUP BY values.    (13)

	.  reduce 13 (src line 163)


state 137
	string_operation:  value.STRING_OP value 
	arithmetic:  value.'+' value 
	arithmetic:  value.'-' value 
	arithmetic:  value.'*' value 
	arithmetic:  value.'/' value 
	arithmetic:  value.'%' value 
	values:  value.    (90)
	values:  value.',' values 

	STRING_OP  shift 76
	'+'  shift 80
	'-'  shift 81
	'*'  shift 82
	'/'  shift 83
	'%'  shift 84
	','  shift 162
	.  reduce 90 (src line 535)


 138: reduce/reduce conflict  (red'ns 116 and 78) on JOIN
138: shift/reduce conflict (shift 63(0), red'n 78(0)) on INNER
138: shift/reduce conflict (shift 64(0), red'n 78(0)) on LEFT
138: shift/reduce conflict (shift 65(0), red'n 78(0)) on RIGHT
138: shift/reduce conflict (shift 66(0), red'n 78(0)) on FULL
138: shift/reduce conflict (shift 61(0), red'n 78(0)) on CROSS
138: shift/reduce conflict (shift 164(0), red'n 78(0)) on ON
138: shift/reduce conflict (shift 165(0), red'n 78(0)) on USING
138: shift/reduce conflict (shift 59(0), red'n 78(0)) on NATURAL
 138: reduce/reduce conflict  (red'ns 78 and 120) on JOIN
 138: reduce/reduce conflict  (red'ns 78 and 120) on OUTER
state 138
	join:  table.join_inner JOIN table join_condition 
	join:  table join_inner JOIN table.join_condition 
	join:  table.NATURAL join_inner JOIN table 
	join:  table.join_direction join_outer JOIN table join_condition 
	join:  table.NATURAL join_direction join_outer JOIN table 
	join:  table.CROSS JOIN table 
	join_inner: .    (116)
	join_condition: .    (78)
	join_direction: .    (120)

	INNER  shift 63
	LEFT  shift 64
	RIGHT  shift 65
	FULL  shift 66
	CROSS  shift 61
	ON  shift 164
	USING  shift 165
	NATURAL  shift 59
	.  reduce 78 (src line 475)

	join_condition  goto 163
	join_inner  goto 58
	join_direction  goto 60

state 139
	join:  table NATURAL join_inner JOIN.table 

	IDENTIFIER  shift 22
	'('  shift 23
	.  error

	subquery  goto 20
	table  goto 166
	join  goto 21
	identifier  goto 19

state 140
	join:  table NATURAL join_direction join_outer.JOIN table 

	JOIN  shift 167
	.  error


state 141
	join:  table join_direction join_outer JOIN.table join_condition 

	IDENTIFIER  shift 22
	'('  shift 23
	.  error

	subquery  goto 20
	table  goto 168
	join  goto 21
	identifier  goto 19

142: shift/reduce conflict (shift 63(0), red'n 77(0)) on INNER
142: shift/reduce conflict (shift 64(0), red'n 77(0)) on LEFT
142: shift/reduce conflict (shift 65(0), red'n 77(0)) on RIGHT
142: shift/reduce conflict (shift 66(0), red'n 77(0)) on FULL
142: shift/reduce conflict (shift 61(0), red'n 77(0)) on CROSS
142: shift/reduce conflict (shift 59(0), red'n 77(0)) on NATURAL
 142: reduce/reduce conflict  (red'ns 77 and 116) on JOIN
 142: reduce/reduce conflict  (red'ns 77 and 120) on JOIN
 142: reduce/reduce conflict  (red'ns 77 and 120) on OUTER
state 142
	join:  table.join_inner JOIN table join_condition 
	join:  table.NATURAL join_inner JOIN table 
	join:  table.join_direction join_outer JOIN table join_condition 
	join:  table.NATURAL join_direction join_outer JOIN table 
	join:  table.CROSS JOIN table 
	join:  table CROSS JOIN table.    (77)
	join_inner: .    (116)
	join_direction: .    (120)

	INNER  shift 63
	LEFT  shift 64
	RIGHT  shift 65
	FULL  shift 66
	CROSS  shift 61
	NATURAL  shift 59
	.  reduce 77 (src line 470)

	join_inner  goto 58
	join_direction  goto 60

state 143
	comparison:  value COMPARISON_OP ANY subquery.    (47)

	.  reduce 47 (src line 336)


state 144
	comparison:  value COMPARISON_OP ALL subquery.    (48)

	.  reduce 48 (src line 340)


state 145
	comparison:  value IS negation ternary.    (41)

	.  reduce 41 (src line 312)


state 146
	comparison:  value IS negation null.    (42)

	.  reduce 42 (src line 316)


state 147
	string_operation:  value.STRING_OP value 
	comparison:  value negation BETWEEN value.AND value 
	arithmetic:  value.'+' value 
	arithmetic:  value.'-' value 
	arithmetic:  value.'*' value 
	arithmetic:  value.'/' value 
	arithmetic:  value.'%' value 

	AND  shift 169
	STRING_OP  shift 76
	'+'  shift 80
	'-'  shift 81
	'*'  shift 82
	'/'  shift 83
	'%'  shift 84
	.  error


state 148
	subquery:  '('.select_query ')' 
	comparison:  value negation IN '('.values ')' 

	IDENTIFIER  shift 22
	STRING  shift 49
	INTEGER  shift 50
	FLOAT  shift 52
	TERNARY  shift 53
	DATETIME  shift 46
	SELECT  shift 6
	NULL  shift 54
	CASE  shift 48
	'-'  shift 51
	'('  shift 93
	.  error

	select_query  goto 71
	select_clause  goto 5
	primary  goto 33
	value  goto 137
	subquery  goto 36
	string_operation  goto 35
	arithmetic  goto 34
	function  goto 37
	case  goto 38
	values  goto 170
	identifier  goto 41
	text  goto 42
	integer  goto 43
	float  goto 44
	ternary  goto 45
	null  goto 47

state 149
	comparison:  value negation IN subquery.    (45)

	.  reduce 45 (src line 328)


state 150
	string_operation:  value.STRING_OP value 
	comparison:  value negation LIKE value.    (46)
	arithmetic:  value.'+' value 
	arithmetic:  value.'-' value 
	arithmetic:  value.'*' value 
	arithmetic:  value.'/' value 
	arithmetic:  value.'%' value 

	STRING_OP  shift 76
	'+'  shift 80
	'-'  shift 81
	'*'  shift 82
	'/'  shift 83
	'%'  shift 84
	.  reduce 46 (src line 332)


state 151
	function:  identifier '(' option ')'.    (62)

	.  reduce 62 (src line 403)


state 152
	option:  distinct '*'.    (64)

	.  reduce 64 (src line 414)


state 153
	option:  distinct filters.    (65)

	.  reduce 65 (src line 418)


state 154
	logic:  filter.OR filter 
	logic:  filter.AND filter 
	filters:  filter.    (92)
	filters:  filter.',' filters 

	AND  shift 75
	OR  shift 74
	','  shift 171
	.  reduce 92 (src line 545)


state 155
	case:  CASE case_value case_when case_else.END 

	END  shift 172
	.  error


156: shift/reduce conflict (shift 131(0), red'n 103(0)) on WHEN
state 156
	case_when:  case_when.case_when 
	case_when:  case_when case_when.    (103)

	WHEN  shift 131
	.  reduce 103 (src line 600)

	case_when  goto 156

state 157
	case_else:  ELSE.value 

	IDENTIFIER  shift 22
	STRING  shift 49
	INTEGER  shift 50
	FLOAT  shift 52
	TERNARY  shift 53
	DATETIME  shift 46
	NULL  shift 54
	CASE  shift 48
	'-'  shift 51
	'('  shift 93
	.  error

	primary  goto 33
	value  goto 173
	subquery  goto 36
	string_operation  goto 35
	arithmetic  goto 34
	function  goto 37
	case  goto 38
	identifier  goto 41
	text  goto 42
	integer  goto 43
	float  goto 44
	ternary  goto 45
	null  goto 47

state 158
	logic:  filter.OR filter 
	logic:  filter.AND filter 
	case_when:  WHEN filter.THEN value 

	AND  shift 75
	OR  shift 74
	THEN  shift 174
	.  error


state 159
	select_query:  select_clause from_clause where_clause group_by_clause having_clause order_by_clause limit_clause.    (5)

	.  reduce 5 (src line 114)


state 160
	limit_clause:  LIMIT.integer 

	INTEGER  shift 50
	'-'  shift 176
	.  error

	integer  goto 175

state 161
	order_by_clause:  ORDER BY.order_items 

	IDENTIFIER  shift 22
	STRING  shift 49
	INTEGER  shift 50
	FLOAT  shift 52
	TERNARY  shift 53
	DATETIME  shift 46
	NULL  shift 54
	CASE  shift 48
	'-'  shift 51
	'('  shift 93
	.  error

	primary  goto 33
	value  goto 179
	order_item  goto 178
	subquery  goto 36
	string_operation  goto 35
	arithmetic  goto 34
	function  goto 37
	case  goto 38
	order_items  goto 177
	identifier  goto 41
	text  goto 42
	integer  goto 43
	float  goto 44
	ternary  goto 45
	null  goto 47

state 162
	values:  value ','.values 

	IDENTIFIER  shift 22
	STRING  shift 49
	INTEGER  shift 50
	FLOAT  shift 52
	TERNARY  shift 53
	DATETIME  shift 46
	NULL  shift 54
	CASE  shift 48
	'-'  shift 51
	'('  shift 93
	.  error

	primary  goto 33
	value  goto 137
	subquery  goto 36
	string_operation  goto 35
	arithmetic  goto 34
	function  goto 37
	case  goto 38
	values  goto 180
	identifier  goto 41
	text  goto 42
	integer  goto 43
	float  goto 44
	ternary  goto 45
	null  goto 47

state 163
	join:  table join_inner JOIN table join_condition.    (73)

	.  reduce 73 (src line 453)


state 164
	join_condition:  ON.filter 

	IDENTIFIER  shift 22
	STRING  shift 49
	INTEGER  shift 50
	FLOAT  shift 52
	TERNARY  shift 53
	DATETIME  shift 46
	EXISTS  shift 39
	NOT  shift 40
	NULL  shift 54
	CASE  shift 48
	'-'  shift 51
	'('  shift 32
	.  error

	primary  goto 33
	value  goto 29
	subquery  goto 36
	string_operation  goto 35
	comparison  goto 30
	arithmetic  goto 34
	logic  goto 31
	filter  goto 181
	function  goto 37
	case  goto 38
	identifier  goto 41
	text  goto 42
	integer  goto 43
	float  goto 44
	ternary  goto 45
	null  goto 47

state 165
	join_condition:  USING.'(' using_fields ')' 

	'('  shift 182
	.  error


166: shift/reduce conflict (shift 63(0), red'n 74(0)) on INNER
166: shift/reduce conflict (shift 64(0), red'n 74(0)) on LEFT
166: shift/reduce conflict (shift 65(0), red'n 74(0)) on RIGHT
166: shift/reduce conflict (shift 66(0), red'n 74(0)) on FULL
166: shift/reduce conflict (shift 61(0), red'n 74(0)) on CROSS
166: shift/reduce conflict (shift 59(0), red'n 74(0)) on NATURAL
 166: reduce/reduce conflict  (red'ns 74 and 116) on JOIN
 166: reduce/reduce conflict  (red'ns 74 and 120) on JOIN
 166: reduce/reduce conflict  (red'ns 74 and 120) on OUTER
state 166
	join:  table.join_inner JOIN table join_condition 
	join:  table.NATURAL join_inner JOIN table 
	join:  table NATURAL join_inner JOIN table.    (74)
	join:  table.join_direction join_outer JOIN table join_condition 
	join:  table.NATURAL join_direction join_outer JOIN table 
	join:  table.CROSS JOIN table 
	join_inner: .    (116)
	join_direction: .    (120)

	INNER  shift 63
	LEFT  shift 64
	RIGHT  shift 65
	FULL  shift 66
	CROSS  shift 61
	NATURAL  shift 59
	.  reduce 74 (src line 458)

	join_inner  goto 58
	join_direction  goto 60

state 167
	join:  table NATURAL join_direction join_outer JOIN.table 

	IDENTIFIER  shift 22
	'('  shift 23
	.  error

	subquery  goto 20
	table  goto 183
	join  goto 21
	identifier  goto 19

 168: reduce/reduce conflict  (red'ns 116 and 120) on JOIN
 168: reduce/reduce conflict  (red'ns 116 and 78) on JOIN
168: shift/reduce conflict (shift 63(0), red'n 78(0)) on INNER
 168: reduce/reduce conflict  (red'ns 120 and 78) on OUTER
168: shift/reduce conflict (shift 64(0), red'n 78(0)) on LEFT
168: shift/reduce conflict (shift 65(0), red'n 78(0)) on RIGHT
168: shift/reduce conflict (shift 66(0), red'n 78(0)) on FULL
168: shift/reduce conflict (shift 61(0), red'n 78(0)) on CROSS
168: shift/reduce conflict (shift 164(0), red'n 78(0)) on ON
168: shift/reduce conflict (shift 165(0), red'n 78(0)) on USING
168: shift/reduce conflict (shift 59(0), red'n 78(0)) on NATURAL
state 168
	join:  table.join_inner JOIN table join_condition 
	join:  table.NATURAL join_inner JOIN table 
	join:  table.join_direction join_outer JOIN table join_condition 
	join:  table join_direction join_outer JOIN table.join_condition 
	join:  table.NATURAL join_direction join_outer JOIN table 
	join:  table.CROSS JOIN table 
	join_inner: .    (116)
	join_direction: .    (120)
	join_condition: .    (78)

	INNER  shift 63
	LEFT  shift 64
	RIGHT  shift 65
	FULL  shift 66
	CROSS  shift 61
	ON  shift 164
	USING  shift 165
	NATURAL  shift 59
	.  reduce 78 (src line 475)

	join_condition  goto 184
	join_inner  goto 58
	join_direction  goto 60

state 169
	comparison:  value negation BETWEEN value AND.value 

	IDENTIFIER  shift 22
	STRING  shift 49
	INTEGER  shift 50
	FLOAT  shift 52
	TERNARY  shift 53
	DATETIME  shift 46
	NULL  shift 54
	CASE  shift 48
	'-'  shift 51
	'('  shift 93
	.  error

	primary  goto 33
	value  goto 185
	subquery  goto 36
	string_operation  goto 35
	arithmetic  goto 34
	function  goto 37
	case  goto 38
	identifier  goto 41
	text  goto 42
	integer  goto 43
	float  goto 44
	ternary  goto 45
	null  goto 47

state 170
	comparison:  value negation IN '(' values.')' 

	')'  shift 186
	.  error


state 171
	filters:  filter ','.filters 

	IDENTIFIER  shift 22
	STRING  shift 49
	INTEGER  shift 50
	FLOAT  shift 52
	TERNARY  shift 53
	DATETIME  shift 46
	EXISTS  shift 39
	NOT  shift 40
	NULL  shift 54
	CASE  shift 48
	'-'  shift 51
	'('  shift 32
	.  error

	primary  goto 33
	value  goto 29
	subquery  goto 36
	string_operation  goto 35
	comparison  goto 30
	arithmetic  goto 34
	logic  goto 31
	filter  goto 154
	function  goto 37
	case  goto 38
	filters  goto 187
	identifier  goto 41
	text  goto 42
	integer  goto 43
	float  goto 44
	ternary  goto 45
	null  goto 47

state 172
	case:  CASE case_value case_when case_else END.    (85)

	.  reduce 85 (src line 509)


state 173
	string_operation:  value.STRING_OP value 
	arithmetic:  value.'+' value 
	arithmetic:  value.'-' value 
	arithmetic:  value.'*' value 
	arithmetic:  value.'/' value 
	arithmetic:  value.'%' value 
	case_else:  ELSE value.    (89)

	STRING_OP  shift 76
	'+'  shift 80
	'-'  shift 81
	'*'  shift 82
	'/'  shift 83
	'%'  shift 84
	.  reduce 89 (src line 530)


state 174
	case_when:  WHEN filter THEN.value 

	IDENTIFIER  shift 22
	STRING  shift 49
	INTEGER  shift 50
	FLOAT  shift 52
	TERNARY  shift 53
	DATETIME  shift 46
	NULL  shift 54
	CASE  shift 48
	'-'  shift 51
	'('  shift 93
	.  error

	primary  goto 33
	value  goto 188
	subquery  goto 36
	string_operation  goto 35
	arithmetic  goto 34
	function  goto 37
	case  goto 38
	identifier  goto 41
	text  goto 42
	integer  goto 43
	float  goto 44
	ternary  goto 45
	null  goto 47

state 175
	limit_clause:  LIMIT integer.    (19)

	.  reduce 19 (src line 193)


state 176
	integer:  '-'.integer 

	INTEGER  shift 50
	'-'  shift 176
	.  error

	integer  goto 94

state 177
	order_by_clause:  ORDER BY order_items.    (17)

	.  reduce 17 (src line 183)


state 178
	order_items:  order_item.    (94)
	order_items:  order_item.',' order_items 

	','  shift 189
	.  reduce 94 (src line 555)


state 179
	order_item:  value.order_direction 
	string_operation:  value.STRING_OP value 
	arithmetic:  value.'+' value 
	arithmetic:  value.'-' value 
	arithmetic:  value.'*' value 
	arithmetic:  value.'/' value 
	arithmetic:  value.'%' value 
	order_direction: .    (35)

	ASC  shift 191
	DESC  shift 192
	STRING_OP  shift 76
	'+'  shift 80
	'-'  shift 81
	'*'  shift 82
	'/'  shift 83
	'%'  shift 84
	.  reduce 35 (src line 264)

	order_direction  goto 190

state 180
	values:  value ',' values.    (91)

	.  reduce 91 (src line 540)


state 181
	logic:  filter.OR filter 
	logic:  filter.AND filter 
	join_condition:  ON filter.    (79)

	AND  shift 75
	OR  shift 74
	.  reduce 79 (src line 480)


state 182
	join_condition:  USING '('.using_fields ')' 

	IDENTIFIER  shift 22
	.  error

	using_fields  goto 193
	identifier  goto 194

183: shift/reduce conflict (shift 63(0), red'n 76(0)) on INNER
183: shift/reduce conflict (shift 64(0), red'n 76(0)) on LEFT
183: shift/reduce conflict (shift 65(0), red'n 76(0)) on RIGHT
183: shift/reduce conflict (shift 66(0), red'n 76(0)) on FULL
183: shift/reduce conflict (shift 61(0), red'n 76(0)) on CROSS
183: shift/reduce conflict (shift 59(0), red'n 76(0)) on NATURAL
 183: reduce/reduce conflict  (red'ns 76 and 116) on JOIN
 183: reduce/reduce conflict  (red'ns 76 and 120) on JOIN
 183: reduce/reduce conflict  (red'ns 76 and 120) on OUTER
state 183
	join:  table.join_inner JOIN table join_condition 
	join:  table.NATURAL join_inner JOIN table 
	join:  table.join_direction join_outer JOIN table join_condition 
	join:  table.NATURAL join_direction join_outer JOIN table 
	join:  table NATURAL join_direction join_outer JOIN table.    (76)
	join:  table.CROSS JOIN table 
	join_inner: .    (116)
	join_direction: .    (120)

	INNER  shift 63
	LEFT  shift 64
	RIGHT  shift 65
	FULL  shift 66
	CROSS  shift 61
	NATURAL  shift 59
	.  reduce 76 (src line 466)

	join_inner  goto 58
	join_direction  goto 60

state 184
	join:  table join_direction join_outer JOIN table join_condition.    (75)

	.  reduce 75 (src line 462)


state 185
	string_operation:  value.STRING_OP value 
	comparison:  value negation BETWEEN value AND value.    (43)
	arithmetic:  value.'+' value 
	arithmetic:  value.'-' value 
	arithmetic:  value.'*' value 
	arithmetic:  value.'/' value 
	arithmetic:  value.'%' value 

	STRING_OP  shift 76
	'+'  shift 80
	'-'  shift 81
	'*'  shift 82
	'/'  shift 83
	'%'  shift 84
	.  reduce 43 (src line 320)


state 186
	comparison:  value negation IN '(' values ')'.    (44)

	.  reduce 44 (src line 324)


state 187
	filters:  filter ',' filters.    (93)

	.  reduce 93 (src line 550)


state 188
	string_operation:  value.STRING_OP value 
	arithmetic:  value.'+' value 
	arithmetic:  value.'-' value 
	arithmetic:  value.'*' value 
	arithmetic:  value.'/' value 
	arithmetic:  value.'%' value 
	case_when:  WHEN filter THEN value.    (102)

	STRING_OP  shift 76
	'+'  shift 80
	'-'  shift 81
	'*'  shift 82
	'/'  shift 83
	'%'  shift 84
	.  reduce 102 (src line 595)


state 189
	order_items:  order_item ','.order_items 

	IDENTIFIER  shift 22
	STRING  shift 49
	INTEGER  shift 50
	FLOAT  shift 52
	TERNARY  shift 53
	DATETIME  shift 46
	NULL  shift 54
	CASE  shift 48
	'-'  shift 51
	'('  shift 93
	.  error

	primary  goto 33
	value  goto 179
	order_item  goto 178
	subquery  goto 36
	string_operation  goto 35
	arithmetic  goto 34
	function  goto 37
	case  goto 38
	order_items  goto 195
	identifier  goto 41
	text  goto 42
	integer  goto 43
	float  goto 44
	ternary  goto 45
	null  goto 47

state 190
	order_item:  value order_direction.    (34)

	.  reduce 34 (src line 258)


state 191
	order_direction:  ASC.    (36)

	.  reduce 36 (src line 269)


state 192
	order_direction:  DESC.    (37)

	.  reduce 37 (src line 273)


state 193
	join_condition:  USING '(' using_fields.')' 

	')'  shift 196
	.  error


state 194
	using_fields:  identifier.    (98)
	using_fields:  identifier.',' using_fields 

	','  shift 197
	.  reduce 98 (src line 575)


state 195
	order_items:  order_item ',' order_items.    (95)

	.  reduce 95 (src line 560)


state 196
	join_condition:  USING '(' using_fields ')'.    (80)

	.  reduce 80 (src line 484)


state 197
	using_fields:  identifier ','.using_fields 

	IDENTIFIER  shift 22
	.  error

	using_fields  goto 198
	identifier  goto 194

state 198
	using_fields:  identifier ',' using_fields.    (99)

	.  reduce 99 (src line 580)


76 terminals, 51 nonterminals
126 grammar rules, 199/8000 states
47 shift/reduce, 17 reduce/reduce conflicts reported
100 working sets used
memory: parser 1026/120000
251 extra closures
585 shift entries, 10 exceptions
133 goto entries
425 entries saved by goto default
Optimizer space used: output 390/120000
390 table entries, 19 zero
maximum spread: 76, maximum offset: 197
